# JRE version: OpenJDK Runtime Environment (7.0_55-b14) (build 1.7.0_55-b14)
# Java VM: OpenJDK 64-Bit Server VM (24.51-b03 mixed mode linux-amd64 compressed oops)
Heap
 PSYoungGen      total 144384K, used 41499K [0x00000000f5500000, 0x0000000100000000, 0x0000000100000000)
  eden space 113664K, 36% used [0x00000000f5500000,0x00000000f7d86e80,0x00000000fc400000)
  from space 30720K, 0% used [0x00000000fe200000,0x00000000fe200000,0x0000000100000000)
  to   space 30720K, 0% used [0x00000000fc400000,0x00000000fc400000,0x00000000fe200000)
 ParOldGen       total 115712K, used 59280K [0x00000000e0000000, 0x00000000e7100000, 0x00000000f5500000)
  object space 115712K, 51% used [0x00000000e0000000,0x00000000e39e4358,0x00000000e7100000)
 PSPermGen       total 123392K, used 83517K [0x00000000d0000000, 0x00000000d7880000, 0x00000000e0000000)
  object space 123392K, 67% used [0x00000000d0000000,0x00000000d518f400,0x00000000d7880000)
GC Heap History (10 events):
Event: 49.415 GC heap before
{Heap before GC invocations=27 (full 4):
 PSYoungGen      total 139776K, used 118887K [0x00000000f5500000, 0x00000000ffe00000, 0x0000000100000000)
  eden space 108544K, 99% used [0x00000000f5500000,0x00000000fbefd210,0x00000000fbf00000)
  from space 31232K, 33% used [0x00000000fdf80000,0x00000000fe99cc98,0x00000000ffe00000)
  to   space 32256K, 0% used [0x00000000fbf00000,0x00000000fbf00000,0x00000000fde80000)
 ParOldGen       total 115712K, used 52067K [0x00000000e0000000, 0x00000000e7100000, 0x00000000f5500000)
  object space 115712K, 44% used [0x00000000e0000000,0x00000000e32d8c08,0x00000000e7100000)
 PSPermGen       total 116224K, used 79730K [0x00000000d0000000, 0x00000000d7180000, 0x00000000e0000000)
  object space 116224K, 68% used [0x00000000d0000000,0x00000000d4ddc970,0x00000000d7180000)
Event: 49.425 GC heap after
Heap after GC invocations=27 (full 4):
 PSYoungGen      total 140800K, used 8417K [0x00000000f5500000, 0x0000000100000000, 0x0000000100000000)
  eden space 108544K, 0% used [0x00000000f5500000,0x00000000f5500000,0x00000000fbf00000)
  from space 32256K, 26% used [0x00000000fbf00000,0x00000000fc738468,0x00000000fde80000)
  to   space 31744K, 0% used [0x00000000fe100000,0x00000000fe100000,0x0000000100000000)
 ParOldGen       total 115712K, used 56283K [0x00000000e0000000, 0x00000000e7100000, 0x00000000f5500000)
  object space 115712K, 48% used [0x00000000e0000000,0x00000000e36f6d70,0x00000000e7100000)
 PSPermGen       total 116224K, used 79730K [0x00000000d0000000, 0x00000000d7180000, 0x00000000e0000000)
  object space 116224K, 68% used [0x00000000d0000000,0x00000000d4ddc970,0x00000000d7180000)
}
Event: 51.955 GC heap before
{Heap before GC invocations=28 (full 4):
 PSYoungGen      total 140800K, used 116961K [0x00000000f5500000, 0x0000000100000000, 0x0000000100000000)
  eden space 108544K, 100% used [0x00000000f5500000,0x00000000fbf00000,0x00000000fbf00000)
  from space 32256K, 26% used [0x00000000fbf00000,0x00000000fc738468,0x00000000fde80000)
  to   space 31744K, 0% used [0x00000000fe100000,0x00000000fe100000,0x0000000100000000)
 ParOldGen       total 115712K, used 56283K [0x00000000e0000000, 0x00000000e7100000, 0x00000000f5500000)
  object space 115712K, 48% used [0x00000000e0000000,0x00000000e36f6d70,0x00000000e7100000)
 PSPermGen       total 116224K, used 82125K [0x00000000d0000000, 0x00000000d7180000, 0x00000000e0000000)
  object space 116224K, 70% used [0x00000000d0000000,0x00000000d5033760,0x00000000d7180000)
Event: 51.962 GC heap after
Heap after GC invocations=28 (full 4):
 PSYoungGen      total 141312K, used 5834K [0x00000000f5500000, 0x00000000ffe80000, 0x0000000100000000)
  eden space 111104K, 0% used [0x00000000f5500000,0x00000000f5500000,0x00000000fc180000)
  from space 30208K, 19% used [0x00000000fe100000,0x00000000fe6b28d8,0x00000000ffe80000)
  to   space 31232K, 0% used [0x00000000fc180000,0x00000000fc180000,0x00000000fe000000)
 ParOldGen       total 115712K, used 57538K [0x00000000e0000000, 0x00000000e7100000, 0x00000000f5500000)
  object space 115712K, 49% used [0x00000000e0000000,0x00000000e38309a8,0x00000000e7100000)
 PSPermGen       total 116224K, used 82125K [0x00000000d0000000, 0x00000000d7180000, 0x00000000e0000000)
  object space 116224K, 70% used [0x00000000d0000000,0x00000000d5033760,0x00000000d7180000)
}
Event: 54.256 GC heap before
{Heap before GC invocations=29 (full 4):
 PSYoungGen      total 141312K, used 116938K [0x00000000f5500000, 0x00000000ffe80000, 0x0000000100000000)
  eden space 111104K, 100% used [0x00000000f5500000,0x00000000fc180000,0x00000000fc180000)
  from space 30208K, 19% used [0x00000000fe100000,0x00000000fe6b28d8,0x00000000ffe80000)
  to   space 31232K, 0% used [0x00000000fc180000,0x00000000fc180000,0x00000000fe000000)
 ParOldGen       total 115712K, used 57538K [0x00000000e0000000, 0x00000000e7100000, 0x00000000f5500000)
  object space 115712K, 49% used [0x00000000e0000000,0x00000000e38309a8,0x00000000e7100000)
 PSPermGen       total 116224K, used 82856K [0x00000000d0000000, 0x00000000d7180000, 0x00000000e0000000)
  object space 116224K, 71% used [0x00000000d0000000,0x00000000d50ea0b0,0x00000000d7180000)
Event: 54.263 GC heap after
Heap after GC invocations=29 (full 4):
 PSYoungGen      total 142336K, used 5173K [0x00000000f5500000, 0x0000000100000000, 0x0000000100000000)
  eden space 111104K, 0% used [0x00000000f5500000,0x00000000f5500000,0x00000000fc180000)
  from space 31232K, 16% used [0x00000000fc180000,0x00000000fc68d728,0x00000000fe000000)
  to   space 30720K, 0% used [0x00000000fe200000,0x00000000fe200000,0x0000000100000000)
 ParOldGen       total 115712K, used 58413K [0x00000000e0000000, 0x00000000e7100000, 0x00000000f5500000)
  object space 115712K, 50% used [0x00000000e0000000,0x00000000e390b768,0x00000000e7100000)
 PSPermGen       total 116224K, used 82856K [0x00000000d0000000, 0x00000000d7180000, 0x00000000e0000000)
  object space 116224K, 71% used [0x00000000d0000000,0x00000000d50ea0b0,0x00000000d7180000)
}
Event: 96.232 GC heap before
{Heap before GC invocations=30 (full 4):
 PSYoungGen      total 142336K, used 22324K [0x00000000f5500000, 0x0000000100000000, 0x0000000100000000)
  eden space 111104K, 15% used [0x00000000f5500000,0x00000000f65bfca8,0x00000000fc180000)
  from space 31232K, 16% used [0x00000000fc180000,0x00000000fc68d728,0x00000000fe000000)
  to   space 30720K, 0% used [0x00000000fe200000,0x00000000fe200000,0x0000000100000000)
 ParOldGen       total 115712K, used 58413K [0x00000000e0000000, 0x00000000e7100000, 0x00000000f5500000)
  object space 115712K, 50% used [0x00000000e0000000,0x00000000e390b768,0x00000000e7100000)
 PSPermGen       total 116224K, used 82906K [0x00000000d0000000, 0x00000000d7180000, 0x00000000e0000000)
  object space 116224K, 71% used [0x00000000d0000000,0x00000000d50f6840,0x00000000d7180000)
Event: 96.239 GC heap after
Heap after GC invocations=30 (full 4):
 PSYoungGen      total 144384K, used 768K [0x00000000f5500000, 0x0000000100000000, 0x0000000100000000)
  eden space 113664K, 0% used [0x00000000f5500000,0x00000000f5500000,0x00000000fc400000)
  from space 30720K, 2% used [0x00000000fe200000,0x00000000fe2c0000,0x0000000100000000)
  to   space 30720K, 0% used [0x00000000fc400000,0x00000000fc400000,0x00000000fe200000)
 ParOldGen       total 115712K, used 60669K [0x00000000e0000000, 0x00000000e7100000, 0x00000000f5500000)
  object space 115712K, 52% used [0x00000000e0000000,0x00000000e3b3f768,0x00000000e7100000)
 PSPermGen       total 116224K, used 82906K [0x00000000d0000000, 0x00000000d7180000, 0x00000000e0000000)
  object space 116224K, 71% used [0x00000000d0000000,0x00000000d50f6840,0x00000000d7180000)
}
Event: 96.239 GC heap before
{Heap before GC invocations=31 (full 5):
 PSYoungGen      total 144384K, used 768K [0x00000000f5500000, 0x0000000100000000, 0x0000000100000000)
  eden space 113664K, 0% used [0x00000000f5500000,0x00000000f5500000,0x00000000fc400000)
  from space 30720K, 2% used [0x00000000fe200000,0x00000000fe2c0000,0x0000000100000000)
  to   space 30720K, 0% used [0x00000000fc400000,0x00000000fc400000,0x00000000fe200000)
 ParOldGen       total 115712K, used 60669K [0x00000000e0000000, 0x00000000e7100000, 0x00000000f5500000)
  object space 115712K, 52% used [0x00000000e0000000,0x00000000e3b3f768,0x00000000e7100000)
 PSPermGen       total 116224K, used 82906K [0x00000000d0000000, 0x00000000d7180000, 0x00000000e0000000)
  object space 116224K, 71% used [0x00000000d0000000,0x00000000d50f6840,0x00000000d7180000)
Event: 96.648 GC heap after
Heap after GC invocations=31 (full 5):
 PSYoungGen      total 144384K, used 0K [0x00000000f5500000, 0x0000000100000000, 0x0000000100000000)
  eden space 113664K, 0% used [0x00000000f5500000,0x00000000f5500000,0x00000000fc400000)
  from space 30720K, 0% used [0x00000000fe200000,0x00000000fe200000,0x0000000100000000)
  to   space 30720K, 0% used [0x00000000fc400000,0x00000000fc400000,0x00000000fe200000)
 ParOldGen       total 115712K, used 59280K [0x00000000e0000000, 0x00000000e7100000, 0x00000000f5500000)
  object space 115712K, 51% used [0x00000000e0000000,0x00000000e39e4358,0x00000000e7100000)
 PSPermGen       total 123392K, used 82900K [0x00000000d0000000, 0x00000000d7880000, 0x00000000e0000000)
  object space 123392K, 67% used [0x00000000d0000000,0x00000000d50f5268,0x00000000d7880000)
}

